{
  "RSpec": {
    "coverage": {
      "/home/wadror/Breweries/ratebeer/config/environment.rb": [
        null,
        1,
        null,
        null,
        1
      ],
      "/home/wadror/Breweries/ratebeer/config/application.rb": [
        1,
        null,
        1,
        null,
        null,
        null,
        1,
        null,
        null,
        null,
        1,
        1,
        1,
        null,
        null,
        null,
        null,
        null,
        null,
        null,
        null,
        null,
        null,
        null,
        null,
        null
      ],
      "/home/wadror/Breweries/ratebeer/config/boot.rb": [
        null,
        1,
        null,
        1
      ],
      "/home/wadror/Breweries/ratebeer/config/environments/test.rb": [
        1,
        null,
        null,
        null,
        null,
        null,
        null,
        1,
        null,
        null,
        null,
        null,
        1,
        null,
        null,
        1,
        1,
        null,
        null,
        1,
        1,
        null,
        null,
        1,
        null,
        null,
        1,
        null,
        null,
        null,
        null,
        1,
        null,
        null,
        1,
        null
      ],
      "/home/wadror/Breweries/ratebeer/config/initializers/backtrace_silencers.rb": [
        null,
        null,
        null,
        null,
        null,
        null,
        null
      ],
      "/home/wadror/Breweries/ratebeer/config/initializers/filter_parameter_logging.rb": [
        null,
        null,
        null,
        1
      ],
      "/home/wadror/Breweries/ratebeer/config/initializers/inflections.rb": [
        null,
        null,
        null,
        null,
        null,
        null,
        null,
        null,
        null,
        null,
        null,
        null,
        null,
        null,
        null,
        null
      ],
      "/home/wadror/Breweries/ratebeer/config/initializers/mime_types.rb": [
        null,
        null,
        null,
        null,
        null
      ],
      "/home/wadror/Breweries/ratebeer/config/initializers/secret_token.rb": [
        null,
        null,
        null,
        null,
        null,
        null,
        null,
        null,
        null,
        null,
        null,
        1
      ],
      "/home/wadror/Breweries/ratebeer/config/initializers/session_store.rb": [
        null,
        null,
        1
      ],
      "/home/wadror/Breweries/ratebeer/config/initializers/wrap_parameters.rb": [
        null,
        null,
        null,
        null,
        null,
        null,
        1,
        1,
        null,
        null,
        null,
        null,
        null,
        null
      ],
      "/home/wadror/Breweries/ratebeer/spec/factories.rb": [
        1,
        1,
        1,
        1,
        1,
        null,
        null,
        null,
        1,
        1,
        null,
        null,
        1,
        1,
        null,
        null,
        1,
        1,
        1,
        null,
        null,
        1,
        1,
        1,
        1,
        null,
        null
      ],
      "/home/wadror/Breweries/ratebeer/app/models/rating.rb": [
        1,
        1,
        1,
        null,
        1,
        null,
        null,
        null,
        null,
        1,
        18,
        null,
        null,
        null
      ],
      "/home/wadror/Breweries/ratebeer/config/routes.rb": [
        1,
        1,
        null,
        1,
        null,
        1,
        null,
        1,
        null,
        1,
        null,
        1,
        null,
        null,
        null,
        null,
        1,
        null,
        1,
        null,
        1,
        null,
        1,
        null,
        1,
        null,
        1,
        1,
        null,
        1,
        null,
        1,
        null,
        null,
        null,
        null,
        null,
        null,
        null,
        null,
        null,
        null,
        null,
        null,
        null,
        null,
        null,
        null,
        null,
        null,
        null,
        null,
        null,
        null,
        null,
        null,
        null,
        null,
        null,
        null,
        null,
        null,
        null,
        null,
        null,
        null,
        null,
        null,
        null,
        null,
        null,
        null,
        null,
        null,
        null,
        null,
        null,
        null,
        null,
        null,
        null,
        null,
        null,
        null,
        null,
        null,
        null,
        null,
        null,
        null,
        null,
        null,
        null,
        null,
        null,
        null,
        null,
        null,
        null,
        null,
        null,
        null,
        null,
        null,
        null,
        null,
        null,
        null,
        null
      ],
      "/home/wadror/Breweries/ratebeer/app/helpers/application_helper.rb": [
        1,
        null
      ],
      "/home/wadror/Breweries/ratebeer/app/helpers/beer_clubs_helper.rb": [
        1,
        null
      ],
      "/home/wadror/Breweries/ratebeer/app/helpers/beers_helper.rb": [
        1,
        null
      ],
      "/home/wadror/Breweries/ratebeer/app/helpers/breweries_helper.rb": [
        1,
        null
      ],
      "/home/wadror/Breweries/ratebeer/app/helpers/memberships_helper.rb": [
        1,
        null
      ],
      "/home/wadror/Breweries/ratebeer/app/helpers/users_helper.rb": [
        1,
        null
      ],
      "/home/wadror/Breweries/ratebeer/spec/support/helpers/own_test_helper.rb": [
        1,
        null,
        1,
        7,
        7,
        7,
        7,
        null,
        null
      ],
      "/home/wadror/Breweries/ratebeer/spec/features/breweries_page_spec.rb": [
        1,
        null,
        1,
        1,
        1,
        1,
        1,
        null,
        null,
        null,
        1,
        1,
        2,
        2,
        2,
        6,
        null,
        null,
        2,
        null,
        null,
        1,
        1,
        1,
        3,
        null,
        null,
        null,
        1,
        1,
        null,
        1,
        1,
        null,
        null,
        null,
        null
      ],
      "/home/wadror/Breweries/ratebeer/spec/features/places_spec.rb": [
        1,
        null,
        1,
        1,
        1,
        null,
        null,
        null,
        1,
        1,
        1,
        null,
        1,
        null,
        1,
        1,
        null,
        null,
        null,
        1,
        1,
        1,
        null,
        1,
        1,
        null,
        1,
        1,
        null,
        null,
        null,
        1,
        1,
        1,
        null,
        1,
        null,
        null
      ],
      "/home/wadror/Breweries/ratebeer/spec/features/ratings_spec.rb": [
        1,
        1,
        null,
        1,
        2,
        2,
        2,
        2,
        null,
        null,
        1,
        1,
        null,
        null,
        1,
        1,
        1,
        1,
        null,
        1,
        1,
        2,
        null,
        1,
        1,
        1,
        null,
        null,
        null,
        null,
        null,
        null,
        null
      ],
      "/home/wadror/Breweries/ratebeer/spec/features/users_spec.rb": [
        1,
        null,
        1,
        null,
        1,
        1,
        6,
        null,
        null,
        1,
        1,
        1,
        null,
        1,
        1,
        null,
        null,
        1,
        1,
        null,
        1,
        1,
        null,
        null,
        null,
        1,
        1,
        1,
        1,
        1,
        null,
        1,
        1,
        2,
        null,
        null,
        1,
        1,
        1,
        null,
        1,
        null,
        1,
        null,
        1,
        null,
        1,
        1,
        5,
        3,
        null,
        2,
        null,
        null,
        null,
        null,
        null,
        1,
        null,
        1,
        1,
        null,
        1,
        1,
        1,
        1,
        1,
        1,
        null,
        null,
        null,
        1,
        1,
        1,
        null,
        1,
        1,
        null,
        1,
        1,
        null,
        1,
        1,
        1,
        1,
        1,
        1,
        null,
        1,
        null,
        1,
        1,
        null,
        null,
        null,
        null,
        1,
        null,
        2,
        2,
        null,
        2,
        2,
        null,
        2,
        2,
        2,
        null
      ],
      "/home/wadror/Breweries/ratebeer/spec/models/beer_spec.rb": [
        1,
        null,
        1,
        1,
        1,
        null,
        1,
        1,
        null,
        null,
        1,
        1,
        null,
        1,
        1,
        null,
        null,
        1,
        1,
        null,
        1,
        1,
        null,
        null,
        null
      ],
      "/home/wadror/Breweries/ratebeer/app/models/beer.rb": [
        1,
        1,
        1,
        1,
        1,
        1,
        null,
        1,
        1,
        1,
        null,
        1,
        2,
        null,
        null
      ],
      "/home/wadror/Breweries/ratebeer/lib/rating_average.rb": [
        null,
        1,
        null,
        1,
        9,
        null,
        null,
        null,
        null
      ],
      "/home/wadror/Breweries/ratebeer/spec/models/brewery_spec.rb": [
        1,
        null,
        1,
        1,
        4,
        null,
        2,
        2,
        2,
        null,
        null,
        null,
        null
      ],
      "/home/wadror/Breweries/ratebeer/app/models/brewery.rb": [
        1,
        1,
        null,
        1,
        1,
        null,
        null,
        null,
        null,
        1,
        1,
        null,
        null,
        null,
        null,
        null,
        1,
        1,
        0,
        0,
        null,
        null,
        null
      ],
      "/home/wadror/Breweries/ratebeer/spec/models/no_test_spec.rb": [
        1,
        null,
        1,
        1,
        1,
        1,
        null
      ],
      "/home/wadror/Breweries/ratebeer/app/models/beer_club.rb": [
        1,
        null,
        null,
        1,
        1,
        null,
        null,
        null,
        1,
        0,
        null,
        null,
        null
      ],
      "/home/wadror/Breweries/ratebeer/app/controllers/beer_clubs_controller.rb": [
        1,
        1,
        1,
        null,
        null,
        null,
        1,
        0,
        0,
        null,
        null,
        null,
        null,
        1,
        0,
        0,
        null,
        null,
        null,
        1,
        0,
        null,
        null,
        null,
        1,
        null,
        null,
        null,
        null,
        1,
        0,
        null,
        0,
        0,
        0,
        0,
        null,
        0,
        0,
        null,
        null,
        null,
        null,
        null,
        null,
        1,
        0,
        0,
        0,
        0,
        null,
        0,
        0,
        null,
        null,
        null,
        null,
        null,
        null,
        1,
        0,
        0,
        0,
        0,
        null,
        null,
        null,
        1,
        null,
        1,
        0,
        null,
        null,
        null,
        1,
        0,
        null,
        null
      ],
      "/home/wadror/Breweries/ratebeer/app/controllers/application_controller.rb": [
        1,
        null,
        null,
        null,
        null,
        1,
        null,
        null,
        1,
        null,
        1,
        181,
        109,
        null,
        null,
        1,
        4,
        null,
        null,
        null
      ],
      "/home/wadror/Breweries/ratebeer/app/controllers/memberships_controller.rb": [
        1,
        1,
        null,
        null,
        null,
        null,
        1,
        0,
        null,
        null,
        null,
        null,
        1,
        0,
        null,
        null,
        null,
        1,
        0,
        0,
        0,
        null,
        null,
        1,
        null,
        null,
        null,
        null,
        null,
        null,
        1,
        null,
        null,
        null,
        null,
        1,
        0,
        0,
        null,
        null,
        0,
        0,
        0,
        0,
        null,
        0,
        0,
        null,
        null,
        null,
        null,
        null,
        null,
        1,
        0,
        0,
        0,
        0,
        null,
        0,
        0,
        null,
        null,
        null,
        null,
        null,
        null,
        1,
        0,
        0,
        0,
        0,
        null,
        null,
        null,
        1,
        null,
        1,
        0,
        null,
        null,
        null,
        1,
        0,
        null,
        null
      ],
      "/home/wadror/Breweries/ratebeer/app/models/membership.rb": [
        1,
        null,
        1,
        1,
        null,
        1,
        null,
        null,
        null
      ],
      "/home/wadror/Breweries/ratebeer/spec/models/user_spec.rb": [
        1,
        1,
        1,
        1,
        null,
        1,
        null,
        null,
        1,
        1,
        null,
        1,
        1,
        null,
        null,
        1,
        1,
        null,
        1,
        1,
        null,
        null,
        1,
        1,
        null,
        1,
        1,
        null,
        null,
        1,
        3,
        null,
        1,
        1,
        1,
        null,
        null,
        1,
        1,
        1,
        null,
        1,
        1,
        null,
        null,
        null,
        null,
        1,
        5,
        null,
        1,
        1,
        null,
        null,
        1,
        1,
        null,
        null,
        1,
        1,
        null,
        1,
        null,
        null,
        1,
        1,
        1,
        null,
        1,
        null,
        null,
        null,
        1,
        9,
        1,
        1,
        null,
        null,
        1,
        1,
        null,
        null,
        1,
        1,
        null,
        1,
        null,
        null,
        null,
        1,
        1,
        1,
        1,
        1,
        null,
        null,
        null,
        1,
        1,
        null,
        null,
        1,
        1,
        null,
        null,
        1,
        1,
        1,
        null,
        null,
        1,
        1,
        1,
        1,
        1,
        1,
        null,
        null,
        null,
        null,
        null,
        null,
        1,
        null,
        4,
        4,
        null,
        null,
        null,
        1,
        null,
        5,
        5,
        5,
        5,
        null,
        null,
        1,
        1,
        5,
        null,
        null,
        null,
        1,
        7,
        7,
        7,
        null
      ],
      "/home/wadror/Breweries/ratebeer/app/models/user.rb": [
        1,
        1,
        1,
        null,
        null,
        1,
        null,
        1,
        null,
        null,
        1,
        1,
        null,
        1,
        1,
        null,
        1,
        0,
        null,
        null,
        1,
        3,
        2,
        null,
        null,
        1,
        null,
        22,
        8,
        null,
        14,
        14,
        14,
        40,
        17,
        17,
        null,
        null,
        null,
        14,
        14,
        14,
        17,
        17,
        16,
        16,
        null,
        null,
        14,
        null,
        null,
        1,
        null,
        9,
        null,
        8,
        null,
        8,
        23,
        16,
        null,
        null,
        null,
        null,
        8,
        8,
        8,
        23,
        23,
        10,
        10,
        null,
        null,
        null,
        8,
        null,
        null,
        1,
        23,
        23,
        null,
        23,
        85,
        41,
        41,
        null,
        null,
        23,
        null,
        null,
        1,
        17,
        17,
        null,
        17,
        55,
        40,
        40,
        null,
        null,
        17,
        null,
        null,
        null,
        null
      ],
      "/home/wadror/Breweries/ratebeer/app/controllers/sessions_controller.rb": [
        1,
        null,
        1,
        null,
        null,
        null,
        1,
        7,
        7,
        1,
        null,
        6,
        6,
        null,
        null,
        null,
        1,
        null,
        0,
        null,
        0,
        null,
        null
      ],
      "/home/wadror/Breweries/ratebeer/app/controllers/users_controller.rb": [
        1,
        1,
        null,
        null,
        null,
        1,
        0,
        null,
        null,
        null,
        null,
        1,
        null,
        null,
        null,
        null,
        1,
        1,
        null,
        null,
        null,
        1,
        null,
        null,
        null,
        null,
        1,
        1,
        null,
        1,
        1,
        2,
        1,
        null,
        0,
        0,
        null,
        null,
        null,
        null,
        null,
        null,
        1,
        0,
        0,
        0,
        0,
        null,
        0,
        0,
        null,
        null,
        null,
        null,
        null,
        null,
        null,
        null,
        1,
        null,
        0,
        null,
        0,
        0,
        0,
        null,
        0,
        0,
        0,
        null,
        null,
        null,
        null,
        1,
        null,
        1,
        13,
        null,
        null,
        null,
        1,
        1,
        null,
        null
      ],
      "/home/wadror/Breweries/ratebeer/app/controllers/beers_controller.rb": [
        1,
        1,
        1,
        1,
        null,
        null,
        null,
        1,
        1,
        null,
        null,
        null,
        null,
        1,
        null,
        null,
        null,
        1,
        4,
        4,
        null,
        null,
        null,
        1,
        2,
        null,
        null,
        null,
        null,
        null,
        1,
        null,
        null,
        null,
        null,
        null,
        null,
        1,
        2,
        null,
        2,
        null,
        2,
        2,
        1,
        null,
        null,
        null,
        2,
        1,
        null,
        null,
        null,
        null,
        null,
        null,
        null,
        1,
        0,
        0,
        0,
        0,
        null,
        0,
        0,
        null,
        null,
        null,
        null,
        null,
        null,
        1,
        0,
        0,
        0,
        0,
        null,
        null,
        null,
        1,
        null,
        1,
        0,
        null,
        null,
        null,
        1,
        2,
        null,
        null
      ],
      "/home/wadror/Breweries/ratebeer/app/controllers/ratings_controller.rb": [
        1,
        null,
        null,
        1,
        0,
        null,
        null,
        1,
        1,
        1,
        null,
        null,
        1,
        1,
        null,
        1,
        0,
        1,
        1,
        1,
        null,
        0,
        0,
        null,
        null,
        null,
        1,
        1,
        1,
        1,
        null,
        null
      ],
      "/home/wadror/Breweries/ratebeer/lib/beermapping_api.rb": [
        1,
        1,
        null,
        0,
        null,
        0,
        0,
        null,
        0,
        null,
        0,
        0,
        0,
        null,
        null,
        null,
        1,
        0,
        null,
        null
      ],
      "/home/wadror/Breweries/ratebeer/app/models/place.rb": [
        1,
        1,
        1,
        null,
        1,
        7,
        null,
        null
      ],
      "/home/wadror/Breweries/ratebeer/app/controllers/places_controller.rb": [
        1,
        1,
        null,
        null,
        1,
        3,
        3,
        0,
        null,
        3,
        null,
        null,
        null
      ],
      "/home/wadror/Breweries/ratebeer/app/controllers/breweries_controller.rb": [
        1,
        1,
        null,
        1,
        null,
        null,
        null,
        1,
        3,
        null,
        null,
        null,
        null,
        1,
        null,
        null,
        null,
        1,
        0,
        null,
        null,
        null,
        1,
        null,
        null,
        null,
        null,
        1,
        0,
        null,
        0,
        0,
        null,
        null,
        0,
        0,
        0,
        null,
        null,
        0,
        0,
        0,
        0,
        null,
        0,
        0,
        null,
        null,
        null,
        null,
        null,
        null,
        1,
        0,
        0,
        0,
        0,
        null,
        0,
        0,
        null,
        null,
        null,
        null,
        null,
        null,
        1,
        0,
        0,
        0,
        0,
        null,
        null,
        null,
        1,
        null,
        1,
        1,
        null,
        null,
        null,
        1,
        0,
        null,
        null,
        null,
        null
      ]
    },
    "timestamp": 1392289254
  }
}
